# JRE version: OpenJDK Runtime Environment (21.0.6) (build 21.0.6+-13391695-b895.109)
# Java VM: OpenJDK 64-Bit Server VM (21.0.6+-13391695-b895.109, mixed mode, tiered, compressed oops, compressed class ptrs, g1 gc, windows-amd64)
GC Precious Log:
 CardTable entry size: 512
 Card Set container configuration: InlinePtr #cards 4 size 8 Array Of Cards #cards 16 size 48 Howl #buckets 8 coarsen threshold 3686 Howl Bitmap #cards 512 size 80 coarsen threshold 460 Card regions per heap region 1 cards per card region 4096
 CPUs: 8 total, 8 available
 Memory: 16279M
 Large Page Support: Disabled
 NUMA Support: Disabled
 Compressed Oops: Enabled (Zero based)
 Heap Region Size: 2M
 Heap Min Capacity: 8M
 Heap Initial Capacity: 256M
 Heap Max Capacity: 4070M
 Pre-touch: Disabled
 Parallel Workers: 8
 Concurrent Workers: 2
 Concurrent Refinement Workers: 8
 Periodic GC: Disabled
Heap:
 garbage-first heap   total 155648K, used 46261K [0x0000000701a00000, 0x0000000800000000)
  region size 2048K, 11 young (22528K), 6 survivors (12288K)
 Metaspace       used 52203K, committed 52480K, reserved 1114112K
  class space    used 5956K, committed 6080K, reserved 1048576K
GC Heap History (16 events):
Event: 0.586 GC heap before
{Heap before GC invocations=0 (full 0):
 garbage-first heap   total 262144K, used 24576K [0x0000000701a00000, 0x0000000800000000)
  region size 2048K, 11 young (22528K), 0 survivors (0K)
 Metaspace       used 13592K, committed 13696K, reserved 1114112K
  class space    used 1274K, committed 1344K, reserved 1048576K
}
Event: 0.590 GC heap after
{Heap after GC invocations=1 (full 0):
 garbage-first heap   total 262144K, used 7141K [0x0000000701a00000, 0x0000000800000000)
  region size 2048K, 2 young (4096K), 2 survivors (4096K)
 Metaspace       used 13592K, committed 13696K, reserved 1114112K
  class space    used 1274K, committed 1344K, reserved 1048576K
}
Event: 0.915 GC heap before
{Heap before GC invocations=1 (full 0):
 garbage-first heap   total 262144K, used 29669K [0x0000000701a00000, 0x0000000800000000)
  region size 2048K, 15 young (30720K), 2 survivors (4096K)
 Metaspace       used 21346K, committed 21504K, reserved 1114112K
  class space    used 2167K, committed 2240K, reserved 1048576K
}
Event: 0.920 GC heap after
{Heap after GC invocations=2 (full 0):
 garbage-first heap   total 262144K, used 8531K [0x0000000701a00000, 0x0000000800000000)
  region size 2048K, 3 young (6144K), 3 survivors (6144K)
 Metaspace       used 21346K, committed 21504K, reserved 1114112K
  class space    used 2167K, committed 2240K, reserved 1048576K
}
Event: 1.218 GC heap before
{Heap before GC invocations=3 (full 0):
 garbage-first heap   total 34816K, used 33107K [0x0000000701a00000, 0x0000000800000000)
  region size 2048K, 15 young (30720K), 3 survivors (6144K)
 Metaspace       used 25181K, committed 25536K, reserved 1114112K
  class space    used 2650K, committed 2816K, reserved 1048576K
}
Event: 1.229 GC heap after
{Heap after GC invocations=4 (full 0):
 garbage-first heap   total 47104K, used 16046K [0x0000000701a00000, 0x0000000800000000)
  region size 2048K, 6 young (12288K), 6 survivors (12288K)
 Metaspace       used 25181K, committed 25536K, reserved 1114112K
  class space    used 2650K, committed 2816K, reserved 1048576K
}
Event: 1.423 GC heap before
{Heap before GC invocations=4 (full 0):
 garbage-first heap   total 47104K, used 30382K [0x0000000701a00000, 0x0000000800000000)
  region size 2048K, 13 young (26624K), 6 survivors (12288K)
 Metaspace       used 28640K, committed 28864K, reserved 1114112K
  class space    used 3047K, committed 3136K, reserved 1048576K
}
Event: 1.434 GC heap after
{Heap after GC invocations=5 (full 0):
 garbage-first heap   total 47104K, used 17328K [0x0000000701a00000, 0x0000000800000000)
  region size 2048K, 1 young (2048K), 1 survivors (2048K)
 Metaspace       used 28640K, committed 28864K, reserved 1114112K
  class space    used 3047K, committed 3136K, reserved 1048576K
}
Event: 1.719 GC heap before
{Heap before GC invocations=5 (full 0):
 garbage-first heap   total 47104K, used 35760K [0x0000000701a00000, 0x0000000800000000)
  region size 2048K, 10 young (20480K), 1 survivors (2048K)
 Metaspace       used 33922K, committed 34240K, reserved 1114112K
  class space    used 4098K, committed 4224K, reserved 1048576K
}
Event: 1.725 GC heap after
{Heap after GC invocations=6 (full 0):
 garbage-first heap   total 47104K, used 18865K [0x0000000701a00000, 0x0000000800000000)
  region size 2048K, 2 young (4096K), 2 survivors (4096K)
 Metaspace       used 33922K, committed 34240K, reserved 1114112K
  class space    used 4098K, committed 4224K, reserved 1048576K
}
Event: 1.826 GC heap before
{Heap before GC invocations=6 (full 0):
 garbage-first heap   total 47104K, used 25009K [0x0000000701a00000, 0x0000000800000000)
  region size 2048K, 6 young (12288K), 2 survivors (4096K)
 Metaspace       used 35763K, committed 35968K, reserved 1114112K
  class space    used 4294K, committed 4416K, reserved 1048576K
}
Event: 1.831 GC heap after
{Heap after GC invocations=7 (full 0):
 garbage-first heap   total 47104K, used 18938K [0x0000000701a00000, 0x0000000800000000)
  region size 2048K, 1 young (2048K), 1 survivors (2048K)
 Metaspace       used 35763K, committed 35968K, reserved 1114112K
  class space    used 4294K, committed 4416K, reserved 1048576K
}
Event: 2.065 GC heap before
{Heap before GC invocations=8 (full 0):
 garbage-first heap   total 47104K, used 37370K [0x0000000701a00000, 0x0000000800000000)
  region size 2048K, 10 young (20480K), 1 survivors (2048K)
 Metaspace       used 40628K, committed 40960K, reserved 1114112K
  class space    used 4773K, committed 4928K, reserved 1048576K
}
Event: 2.071 GC heap after
{Heap after GC invocations=9 (full 0):
 garbage-first heap   total 155648K, used 20108K [0x0000000701a00000, 0x0000000800000000)
  region size 2048K, 2 young (4096K), 2 survivors (4096K)
 Metaspace       used 40628K, committed 40960K, reserved 1114112K
  class space    used 4773K, committed 4928K, reserved 1048576K
}
Event: 3.172 GC heap before
{Heap before GC invocations=9 (full 0):
 garbage-first heap   total 155648K, used 106124K [0x0000000701a00000, 0x0000000800000000)
  region size 2048K, 45 young (92160K), 2 survivors (4096K)
 Metaspace       used 50975K, committed 51264K, reserved 1114112K
  class space    used 5818K, committed 5952K, reserved 1048576K
}
Event: 3.203 GC heap after
{Heap after GC invocations=10 (full 0):
 garbage-first heap   total 155648K, used 38069K [0x0000000701a00000, 0x0000000800000000)
  region size 2048K, 6 young (12288K), 6 survivors (12288K)
 Metaspace       used 50975K, committed 51264K, reserved 1114112K
  class space    used 5818K, committed 5952K, reserved 1048576K
}

